{"/Users/joeburto1/Documents/Sites/nextjs-crud-application/components/AddDeveloper/AddDeveloper.dump.tsx": {"path":"/Users/joeburto1/Documents/Sites/nextjs-crud-application/components/AddDeveloper/AddDeveloper.dump.tsx","statementMap":{"0":{"start":{"line":4,"column":0},"end":{"line":10,"column":3}},"1":{"start":{"line":5,"column":24},"end":{"line":5,"column":48}},"2":{"start":{"line":6,"column":22},"end":{"line":8,"column":3}},"3":{"start":{"line":9,"column":2},"end":{"line":9,"column":42}}},"fnMap":{"0":{"name":"(anonymous_0)","decl":{"start":{"line":4,"column":28},"end":{"line":4,"column":29}},"loc":{"start":{"line":4,"column":34},"end":{"line":10,"column":1}},"line":4}},"branchMap":{},"s":{"0":0,"1":0,"2":0,"3":0},"f":{"0":0},"b":{}}
,"/Users/joeburto1/Documents/Sites/nextjs-crud-application/components/TestComponent/TestComponent.tsx": {"path":"/Users/joeburto1/Documents/Sites/nextjs-crud-application/components/TestComponent/TestComponent.tsx","statementMap":{"0":{"start":{"line":3,"column":22},"end":{"line":9,"column":1}},"1":{"start":{"line":4,"column":2},"end":{"line":8,"column":4}}},"fnMap":{"0":{"name":"(anonymous_0)","decl":{"start":{"line":3,"column":22},"end":{"line":3,"column":23}},"loc":{"start":{"line":3,"column":49},"end":{"line":9,"column":1}},"line":3}},"branchMap":{},"s":{"0":1,"1":1},"f":{"0":1},"b":{},"_coverageSchema":"1a1c01bbd47fc00a2c39e90264f33305004495a9","hash":"63ed43671829bf8e6bc4ff06e04bf352b4aa98aa"}
}
